{"numTotalTestSuites":9,"numPassedTestSuites":9,"numFailedTestSuites":0,"numPendingTestSuites":0,"numTotalTests":29,"numPassedTests":29,"numFailedTests":0,"numPendingTests":0,"numTodoTests":0,"snapshot":{"added":0,"failure":false,"filesAdded":0,"filesRemoved":0,"filesRemovedList":[],"filesUnmatched":0,"filesUpdated":0,"matched":0,"total":0,"unchecked":0,"uncheckedKeysByFile":[],"unmatched":0,"updated":0,"didUpdate":false},"startTime":1785086470095,"success":true,"testResults":[{"assertionResults":[{"ancestorTitles":["classifyAdminAuthBootstrapError"],"fullName":"classifyAdminAuthBootstrapError classifies network failures","status":"passed","title":"classifies network failures","duration":0.8409200000000112,"failureMessages":[],"meta":{}},{"ancestorTitles":["classifyAdminAuthBootstrapError"],"fullName":"classifyAdminAuthBootstrapError classifies missing RPC / migration not applied","status":"passed","title":"classifies missing RPC / migration not applied","duration":0.22210199999997826,"failureMessages":[],"meta":{}},{"ancestorTitles":["classifyAdminAuthBootstrapError"],"fullName":"classifyAdminAuthBootstrapError classifies auth failures","status":"passed","title":"classifies auth failures","duration":0.13002099999999928,"failureMessages":[],"meta":{}},{"ancestorTitles":["classifyAdminAuthBootstrapError"],"fullName":"classifyAdminAuthBootstrapError classifies forbidden","status":"passed","title":"classifies forbidden","duration":0.07274300000000267,"failureMessages":[],"meta":{}},{"ancestorTitles":["classifyAdminAuthBootstrapError"],"fullName":"classifyAdminAuthBootstrapError defaults to unexpected","status":"passed","title":"defaults to unexpected","duration":0.06827900000001819,"failureMessages":[],"meta":{}},{"ancestorTitles":["enterOperationsCenter"],"fullName":"enterOperationsCenter returns ok when ensure succeeds and user is staff","status":"passed","title":"returns ok when ensure succeeds and user is staff","duration":1.2071540000000027,"failureMessages":[],"meta":{}},{"ancestorTitles":["enterOperationsCenter"],"fullName":"enterOperationsCenter returns not_staff when ensure succeeds but roles empty","status":"passed","title":"returns not_staff when ensure succeeds but roles empty","duration":0.24861500000000092,"failureMessages":[],"meta":{}},{"ancestorTitles":["enterOperationsCenter"],"fullName":"enterOperationsCenter propagates ensurePlatformOwnerSession exceptions (no bypass)","status":"passed","title":"propagates ensurePlatformOwnerSession exceptions (no bypass)","duration":1.0091869999999972,"failureMessages":[],"meta":{}},{"ancestorTitles":["enterOperationsCenter"],"fullName":"enterOperationsCenter propagates auth.getUser-style failures from ensure","status":"passed","title":"propagates auth.getUser-style failures from ensure","duration":0.460172,"failureMessages":[],"meta":{}},{"ancestorTitles":["enterOperationsCenter"],"fullName":"enterOperationsCenter propagates timeout errors","status":"passed","title":"propagates timeout errors","duration":0.41876199999998676,"failureMessages":[],"meta":{}},{"ancestorTitles":["admin auth loading contract"],"fullName":"admin auth loading contract clears loading when RPC OK","status":"passed","title":"clears loading when RPC OK","duration":0.17867599999999584,"failureMessages":[],"meta":{}},{"ancestorTitles":["admin auth loading contract"],"fullName":"admin auth loading contract clears loading when RPC throws","status":"passed","title":"clears loading when RPC throws","duration":0.11300800000000777,"failureMessages":[],"meta":{}},{"ancestorTitles":["admin auth loading contract"],"fullName":"admin auth loading contract clears loading when auth.getUser fails","status":"passed","title":"clears loading when auth.getUser fails","duration":0.10072200000001885,"failureMessages":[],"meta":{}},{"ancestorTitles":["admin auth loading contract"],"fullName":"admin auth loading contract clears loading on timeout","status":"passed","title":"clears loading on timeout","duration":0.09861900000001356,"failureMessages":[],"meta":{}},{"ancestorTitles":["admin auth loading contract"],"fullName":"admin auth loading contract clears loading when user has no staff permissions","status":"passed","title":"clears loading when user has no staff permissions","duration":0.1003690000000006,"failureMessages":[],"meta":{}},{"ancestorTitles":["admin auth loading contract"],"fullName":"admin auth loading contract clears loading when migration not applied","status":"passed","title":"clears loading when migration not applied","duration":0.12674499999999966,"failureMessages":[],"meta":{}}],"startTime":1785086470357,"endTime":1785086470362.1787,"status":"passed","message":"","name":"/workspace/src/lib/admin-auth-bootstrap.spec.ts"},{"assertionResults":[{"ancestorTitles":["ensurePlatformOwnerSession"],"fullName":"ensurePlatformOwnerSession throws on RPC failure when required (default / Ops entry)","status":"passed","title":"throws on RPC failure when required (default / Ops entry)","duration":18.375496999999996,"failureMessages":[],"meta":{}},{"ancestorTitles":["ensurePlatformOwnerSession"],"fullName":"ensurePlatformOwnerSession throws on getUser failure when required","status":"passed","title":"throws on getUser failure when required","duration":1.4432329999999922,"failureMessages":[],"meta":{}},{"ancestorTitles":["ensurePlatformOwnerSession"],"fullName":"ensurePlatformOwnerSession returns null on RPC failure when required:false (global nav)","status":"passed","title":"returns null on RPC failure when required:false (global nav)","duration":1.747589999999974,"failureMessages":[],"meta":{}},{"ancestorTitles":["ensurePlatformOwnerSession"],"fullName":"ensurePlatformOwnerSession returns parsed result when RPC succeeds","status":"passed","title":"returns parsed result when RPC succeeds","duration":1.7359429999999918,"failureMessages":[],"meta":{}},{"ancestorTitles":["ensurePlatformOwnerSession"],"fullName":"ensurePlatformOwnerSession tryEnsurePlatformOwnerSession never throws on infra failure","status":"passed","title":"tryEnsurePlatformOwnerSession never throws on infra failure","duration":1.870108000000016,"failureMessages":[],"meta":{}}],"startTime":1785086470288,"endTime":1785086470312.87,"status":"passed","message":"","name":"/workspace/src/lib/ensure-platform-owner-session.spec.ts"},{"assertionResults":[{"ancestorTitles":["resolveHomePath · BUGFIX-002 navigation decoupling"],"fullName":"resolveHomePath · BUGFIX-002 navigation decoupling returns /app for customer when Platform Owner RPC fails","status":"passed","title":"returns /app for customer when Platform Owner RPC fails","duration":28.68110900000002,"failureMessages":[],"meta":{}},{"ancestorTitles":["resolveHomePath · BUGFIX-002 navigation decoupling"],"fullName":"resolveHomePath · BUGFIX-002 navigation decoupling returns /app for customer when ensure throws were converted to null","status":"passed","title":"returns /app for customer when ensure throws were converted to null","duration":7.400827000000021,"failureMessages":[],"meta":{}},{"ancestorTitles":["resolveHomePath · BUGFIX-002 navigation decoupling"],"fullName":"resolveHomePath · BUGFIX-002 navigation decoupling returns /admin for employee/staff when PO RPC fails","status":"passed","title":"returns /admin for employee/staff when PO RPC fails","duration":1.5066710000000114,"failureMessages":[],"meta":{}},{"ancestorTitles":["resolveHomePath · BUGFIX-002 navigation decoupling"],"fullName":"resolveHomePath · BUGFIX-002 navigation decoupling returns /admin for tenant company_admin when PO RPC fails","status":"passed","title":"returns /admin for tenant company_admin when PO RPC fails","duration":9.241399999999999,"failureMessages":[],"meta":{}},{"ancestorTitles":["resolveHomePath · BUGFIX-002 navigation decoupling"],"fullName":"resolveHomePath · BUGFIX-002 navigation decoupling returns /admin for Platform Owner after successful ensure grants","status":"passed","title":"returns /admin for Platform Owner after successful ensure grants","duration":1.8637290000000064,"failureMessages":[],"meta":{}},{"ancestorTitles":["resolveHomePath · BUGFIX-002 navigation decoupling"],"fullName":"resolveHomePath · BUGFIX-002 navigation decoupling never invents privileges when ensure fails — empty roles → /app","status":"passed","title":"never invents privileges when ensure fails — empty roles → /app","duration":1.346747999999991,"failureMessages":[],"meta":{}},{"ancestorTitles":["enterOperationsCenter remains strict for Platform Owner paths"],"fullName":"enterOperationsCenter remains strict for Platform Owner paths still propagates ensure failure (no SaaS/Ops bypass)","status":"passed","title":"still propagates ensure failure (no SaaS/Ops bypass)","duration":15.867635000000007,"failureMessages":[],"meta":{}},{"ancestorTitles":["enterOperationsCenter remains strict for Platform Owner paths"],"fullName":"enterOperationsCenter remains strict for Platform Owner paths does not grant access when ensure fails even if loadRoles would return staff","status":"passed","title":"does not grant access when ensure fails even if loadRoles would return staff","duration":4.51702499999999,"failureMessages":[],"meta":{}}],"startTime":1785086470287,"endTime":1785086470357.517,"status":"passed","message":"","name":"/workspace/src/lib/resolve-home-path.spec.ts"}]}